2020-02-21 12:46:51.705  INFO 2446 --- [main] spring.DocmanApplication                 : No active profile set, falling back to default profiles: default
2020-02-21 12:46:52.197  INFO 2446 --- [main] .s.d.r.c.RepositoryConfigurationDelegate : Bootstrapping Spring Data JPA repositories in DEFAULT mode.
2020-02-21 12:46:52.239  INFO 2446 --- [main] .s.d.r.c.RepositoryConfigurationDelegate : Finished Spring Data repository scanning in 38ms. Found 2 JPA repository interfaces.
2020-02-21 12:46:52.291  WARN 2446 --- [main] o.s.boot.actuate.endpoint.EndpointId     : Endpoint ID 'hystrix.stream' contains invalid characters, please migrate to a valid format.
2020-02-21 12:46:52.368  INFO 2446 --- [main] o.s.cloud.context.scope.GenericScope     : BeanFactory id=952e5a96-c462-38f8-9e7c-b433e5d6ea2b
2020-02-21 12:46:52.453  INFO 2446 --- [main] trationDelegate$BeanPostProcessorChecker : Bean 'org.springframework.transaction.annotation.ProxyTransactionManagementConfiguration' of type [org.springframework.transaction.annotation.ProxyTransactionManagementConfiguration] is not eligible for getting processed by all BeanPostProcessors (for example: not eligible for auto-proxying)
2020-02-21 12:46:52.503  INFO 2446 --- [main] trationDelegate$BeanPostProcessorChecker : Bean 'org.springframework.cloud.autoconfigure.ConfigurationPropertiesRebinderAutoConfiguration' of type [org.springframework.cloud.autoconfigure.ConfigurationPropertiesRebinderAutoConfiguration] is not eligible for getting processed by all BeanPostProcessors (for example: not eligible for auto-proxying)
2020-02-21 12:46:52.635  INFO 2446 --- [main] o.s.b.w.embedded.tomcat.TomcatWebServer  : Tomcat initialized with port(s): 7070 (https)
2020-02-21 12:46:52.644  INFO 2446 --- [main] o.apache.catalina.core.StandardService   : Starting service [Tomcat]
2020-02-21 12:46:52.644  INFO 2446 --- [main] org.apache.catalina.core.StandardEngine  : Starting Servlet engine: [Apache Tomcat/9.0.30]
2020-02-21 12:46:52.718  INFO 2446 --- [main] o.a.c.c.C.[Tomcat].[localhost].[/]       : Initializing Spring embedded WebApplicationContext
2020-02-21 12:46:52.718  INFO 2446 --- [main] o.s.web.context.ContextLoader            : Root WebApplicationContext: initialization completed in 1004 ms
2020-02-21 12:46:52.785  WARN 2446 --- [main] c.n.c.sources.URLConfigurationSource     : No URLs will be polled as dynamic configuration sources.
2020-02-21 12:46:52.785  INFO 2446 --- [main] c.n.c.sources.URLConfigurationSource     : To enable URLs as dynamic configuration sources, define System property archaius.configurationSource.additionalUrls or make config.properties available on classpath.
2020-02-21 12:46:52.790  INFO 2446 --- [main] c.netflix.config.DynamicPropertyFactory  : DynamicPropertyFactory is initialized with configuration sources: com.netflix.config.ConcurrentCompositeConfiguration@590d6c76
2020-02-21 12:46:52.827  WARN 2446 --- [main] JpaBaseConfiguration$JpaWebConfiguration : spring.jpa.open-in-view is enabled by default. Therefore, database queries may be performed during view rendering. Explicitly configure spring.jpa.open-in-view to disable this warning
2020-02-21 12:46:52.915  INFO 2446 --- [main] o.hibernate.jpa.internal.util.LogHelper  : HHH000204: Processing PersistenceUnitInfo [name: default]
2020-02-21 12:46:52.955  INFO 2446 --- [main] org.hibernate.Version                    : HHH000412: Hibernate Core {5.4.10.Final}
2020-02-21 12:46:53.000  INFO 2446 --- [main] o.hibernate.annotations.common.Version   : HCANN000001: Hibernate Commons Annotations {5.1.0.Final}
2020-02-21 12:46:53.042  INFO 2446 --- [main] com.zaxxer.hikari.HikariDataSource       : HikariPool-1 - Starting...
2020-02-21 12:46:53.165  INFO 2446 --- [main] com.zaxxer.hikari.HikariDataSource       : HikariPool-1 - Start completed.
2020-02-21 12:46:53.174  INFO 2446 --- [main] org.hibernate.dialect.Dialect            : HHH000400: Using dialect: org.hibernate.dialect.PostgreSQL10Dialect
2020-02-21 12:46:53.515  INFO 2446 --- [main] o.h.e.t.j.p.i.JtaPlatformInitiator       : HHH000490: Using JtaPlatform implementation: [org.hibernate.engine.transaction.jta.platform.internal.NoJtaPlatform]
2020-02-21 12:46:53.518  INFO 2446 --- [main] j.LocalContainerEntityManagerFactoryBean : Initialized JPA EntityManagerFactory for persistence unit 'default'
2020-02-21 12:46:54.095  INFO 2446 --- [main] o.s.b.a.e.web.ServletEndpointRegistrar   : Registered '/actuator/hystrix.stream' to hystrix.stream-actuator-endpoint
2020-02-21 12:46:54.178  INFO 2446 --- [main] io.jaegertracing.Configuration           : Initialized tracer=JaegerTracer(version=Java-0.34.0, serviceName=docman, reporter=CompositeReporter(reporters=[RemoteReporter(sender=UdpSender(), closeEnqueueTimeout=1000), LoggingReporter(logger=Logger[io.jaegertracing.internal.reporters.LoggingReporter])]), sampler=ConstSampler(decision=true, tags={sampler.type=const, sampler.param=true}), tags={hostname=pc0344, jaeger.version=Java-0.34.0, ip=127.0.1.1}, zipkinSharedRpcSpan=false, expandExceptionLogs=false, useTraceId128Bit=false)
2020-02-21 12:46:54.291  INFO 2446 --- [main] o.s.s.web.DefaultSecurityFilterChain     : Creating filter chain: any request, [org.springframework.security.web.context.request.async.WebAsyncManagerIntegrationFilter@62b0792, org.springframework.security.web.context.SecurityContextPersistenceFilter@1677f98b, org.springframework.security.web.header.HeaderWriterFilter@7552f05b, org.springframework.security.web.authentication.logout.LogoutFilter@3d67e3d3, spring.security.JwtAuthenticationFilter@2041c9a3, org.springframework.security.web.savedrequest.RequestCacheAwareFilter@3eadfbbb, org.springframework.security.web.servletapi.SecurityContextHolderAwareRequestFilter@73483d4b, org.springframework.security.web.authentication.AnonymousAuthenticationFilter@2fd409c1, org.springframework.security.web.session.SessionManagementFilter@674d2b8b, org.springframework.security.web.access.ExceptionTranslationFilter@4dc5b887]
2020-02-21 12:46:54.424  WARN 2446 --- [main] c.n.c.sources.URLConfigurationSource     : No URLs will be polled as dynamic configuration sources.
2020-02-21 12:46:54.424  INFO 2446 --- [main] c.n.c.sources.URLConfigurationSource     : To enable URLs as dynamic configuration sources, define System property archaius.configurationSource.additionalUrls or make config.properties available on classpath.
2020-02-21 12:46:54.776  INFO 2446 --- [main] o.s.c.n.zuul.ZuulFilterInitializer       : Starting filter initializer
2020-02-21 12:46:54.778  INFO 2446 --- [main] o.s.b.a.e.web.EndpointLinksResolver      : Exposing 21 endpoint(s) beneath base path '/actuator'
2020-02-21 12:46:55.240  INFO 2446 --- [main] o.s.b.w.embedded.tomcat.TomcatWebServer  : Tomcat started on port(s): 7070 (https) with context path ''
2020-02-21 12:46:55.304  INFO 2446 --- [main] spring.DocmanApplication                 : Started DocmanApplication in 4.12 seconds (JVM running for 4.465)
2020-02-21 12:46:55.645  INFO 2446 --- [RMI TCP Connection(4)-127.0.0.1] o.a.c.c.C.[Tomcat].[localhost].[/]       : Initializing Spring DispatcherServlet 'dispatcherServlet'
2020-02-21 12:46:55.646  INFO 2446 --- [RMI TCP Connection(4)-127.0.0.1] o.s.web.servlet.DispatcherServlet        : Initializing Servlet 'dispatcherServlet'
2020-02-21 12:46:55.654  INFO 2446 --- [RMI TCP Connection(4)-127.0.0.1] o.s.web.servlet.DispatcherServlet        : Completed initialization in 8 ms
2020-02-21 12:47:08.459  INFO 2446 --- [https-jsse-nio-7070-exec-2] i.j.internal.reporters.LoggingReporter   : Span reported: 98bb21ca9c1dd8ed:98bb21ca9c1dd8ed:0:1 - docman
2020-02-21 12:47:08.895  INFO 2446 --- [https-jsse-nio-7070-exec-5] i.j.internal.reporters.LoggingReporter   : Span reported: c7068bf130a95ce9:c7068bf130a95ce9:0:1 - docman
2020-02-21 12:47:11.830  INFO 2446 --- [https-jsse-nio-7070-exec-7] i.j.internal.reporters.LoggingReporter   : Span reported: 12f18188fb6c4ba0:12f18188fb6c4ba0:0:1 - docman
2020-02-21 12:47:12.102  INFO 2446 --- [https-jsse-nio-7070-exec-4] i.j.internal.reporters.LoggingReporter   : Span reported: 200c1e2f425f057:200c1e2f425f057:0:1 - docman
2020-02-21 12:47:12.338  INFO 2446 --- [https-jsse-nio-7070-exec-10] i.j.internal.reporters.LoggingReporter   : Span reported: 534d24daf8b4c46b:534d24daf8b4c46b:0:1 - docman
2020-02-21 13:27:41.532  INFO 2446 --- [SpringContextShutdownHook] o.s.c.n.zuul.ZuulFilterInitializer       : Stopping filter initializer
2020-02-21 13:27:41.539  INFO 2446 --- [SpringContextShutdownHook] j.LocalContainerEntityManagerFactoryBean : Closing JPA EntityManagerFactory for persistence unit 'default'
2020-02-21 13:27:41.541  INFO 2446 --- [SpringContextShutdownHook] com.zaxxer.hikari.HikariDataSource       : HikariPool-1 - Shutdown initiated...
2020-02-21 13:27:41.551  INFO 2446 --- [SpringContextShutdownHook] com.zaxxer.hikari.HikariDataSource       : HikariPool-1 - Shutdown completed.
2020-02-21 13:53:31.620  INFO 15618 --- [main] spring.DocmanApplication                 : No active profile set, falling back to default profiles: default
2020-02-21 13:53:32.109  INFO 15672 --- [main] spring.DocmanApplication                 : No active profile set, falling back to default profiles: default
2020-02-21 13:53:32.943  INFO 15618 --- [main] .s.d.r.c.RepositoryConfigurationDelegate : Bootstrapping Spring Data JPA repositories in DEFAULT mode.
2020-02-21 13:53:33.060  INFO 15618 --- [main] .s.d.r.c.RepositoryConfigurationDelegate : Finished Spring Data repository scanning in 106ms. Found 2 JPA repository interfaces.
2020-02-21 13:53:33.249  WARN 15618 --- [main] o.s.boot.actuate.endpoint.EndpointId     : Endpoint ID 'hystrix.stream' contains invalid characters, please migrate to a valid format.
2020-02-21 13:53:33.343  INFO 15672 --- [main] .s.d.r.c.RepositoryConfigurationDelegate : Bootstrapping Spring Data JPA repositories in DEFAULT mode.
2020-02-21 13:53:33.445  INFO 15618 --- [main] o.s.cloud.context.scope.GenericScope     : BeanFactory id=e000653b-d2cf-363e-aa49-645afd14ed9d
2020-02-21 13:53:33.544  INFO 15672 --- [main] .s.d.r.c.RepositoryConfigurationDelegate : Finished Spring Data repository scanning in 191ms. Found 2 JPA repository interfaces.
2020-02-21 13:53:33.693  WARN 15672 --- [main] o.s.boot.actuate.endpoint.EndpointId     : Endpoint ID 'hystrix.stream' contains invalid characters, please migrate to a valid format.
2020-02-21 13:53:33.751  INFO 15618 --- [main] trationDelegate$BeanPostProcessorChecker : Bean 'org.springframework.transaction.annotation.ProxyTransactionManagementConfiguration' of type [org.springframework.transaction.annotation.ProxyTransactionManagementConfiguration] is not eligible for getting processed by all BeanPostProcessors (for example: not eligible for auto-proxying)
2020-02-21 13:53:33.912  INFO 15672 --- [main] o.s.cloud.context.scope.GenericScope     : BeanFactory id=e000653b-d2cf-363e-aa49-645afd14ed9d
2020-02-21 13:53:33.944  INFO 15618 --- [main] trationDelegate$BeanPostProcessorChecker : Bean 'org.springframework.cloud.autoconfigure.ConfigurationPropertiesRebinderAutoConfiguration' of type [org.springframework.cloud.autoconfigure.ConfigurationPropertiesRebinderAutoConfiguration] is not eligible for getting processed by all BeanPostProcessors (for example: not eligible for auto-proxying)
2020-02-21 13:53:34.217  INFO 15672 --- [main] trationDelegate$BeanPostProcessorChecker : Bean 'org.springframework.transaction.annotation.ProxyTransactionManagementConfiguration' of type [org.springframework.transaction.annotation.ProxyTransactionManagementConfiguration] is not eligible for getting processed by all BeanPostProcessors (for example: not eligible for auto-proxying)
2020-02-21 13:53:34.425  INFO 15618 --- [main] o.s.b.w.embedded.tomcat.TomcatWebServer  : Tomcat initialized with port(s): 7070 (https)
2020-02-21 13:53:34.447  INFO 15618 --- [main] o.apache.catalina.core.StandardService   : Starting service [Tomcat]
2020-02-21 13:53:34.448  INFO 15618 --- [main] org.apache.catalina.core.StandardEngine  : Starting Servlet engine: [Apache Tomcat/9.0.30]
2020-02-21 13:53:34.466  INFO 15672 --- [main] trationDelegate$BeanPostProcessorChecker : Bean 'org.springframework.cloud.autoconfigure.ConfigurationPropertiesRebinderAutoConfiguration' of type [org.springframework.cloud.autoconfigure.ConfigurationPropertiesRebinderAutoConfiguration] is not eligible for getting processed by all BeanPostProcessors (for example: not eligible for auto-proxying)
2020-02-21 13:53:34.732  INFO 15618 --- [main] o.a.c.c.C.[Tomcat].[localhost].[/]       : Initializing Spring embedded WebApplicationContext
2020-02-21 13:53:34.732  INFO 15618 --- [main] o.s.web.context.ContextLoader            : Root WebApplicationContext: initialization completed in 3086 ms
2020-02-21 13:53:34.823  INFO 15672 --- [main] o.s.b.w.embedded.tomcat.TomcatWebServer  : Tomcat initialized with port(s): 7070 (https)
2020-02-21 13:53:34.852  INFO 15672 --- [main] o.apache.catalina.core.StandardService   : Starting service [Tomcat]
2020-02-21 13:53:34.853  INFO 15672 --- [main] org.apache.catalina.core.StandardEngine  : Starting Servlet engine: [Apache Tomcat/9.0.30]
2020-02-21 13:53:34.906  WARN 15618 --- [main] c.n.c.sources.URLConfigurationSource     : No URLs will be polled as dynamic configuration sources.
2020-02-21 13:53:34.906  INFO 15618 --- [main] c.n.c.sources.URLConfigurationSource     : To enable URLs as dynamic configuration sources, define System property archaius.configurationSource.additionalUrls or make config.properties available on classpath.
2020-02-21 13:53:34.934  INFO 15618 --- [main] c.netflix.config.DynamicPropertyFactory  : DynamicPropertyFactory is initialized with configuration sources: com.netflix.config.ConcurrentCompositeConfiguration@4c5406b
2020-02-21 13:53:35.072  WARN 15618 --- [main] JpaBaseConfiguration$JpaWebConfiguration : spring.jpa.open-in-view is enabled by default. Therefore, database queries may be performed during view rendering. Explicitly configure spring.jpa.open-in-view to disable this warning
2020-02-21 13:53:35.085  INFO 15672 --- [main] o.a.c.c.C.[Tomcat].[localhost].[/]       : Initializing Spring embedded WebApplicationContext
2020-02-21 13:53:35.085  INFO 15672 --- [main] o.s.web.context.ContextLoader            : Root WebApplicationContext: initialization completed in 2924 ms
2020-02-21 13:53:35.256  WARN 15672 --- [main] c.n.c.sources.URLConfigurationSource     : No URLs will be polled as dynamic configuration sources.
2020-02-21 13:53:35.256  INFO 15672 --- [main] c.n.c.sources.URLConfigurationSource     : To enable URLs as dynamic configuration sources, define System property archaius.configurationSource.additionalUrls or make config.properties available on classpath.
2020-02-21 13:53:35.276  INFO 15672 --- [main] c.netflix.config.DynamicPropertyFactory  : DynamicPropertyFactory is initialized with configuration sources: com.netflix.config.ConcurrentCompositeConfiguration@5d7dd549
2020-02-21 13:53:35.359  WARN 15672 --- [main] JpaBaseConfiguration$JpaWebConfiguration : spring.jpa.open-in-view is enabled by default. Therefore, database queries may be performed during view rendering. Explicitly configure spring.jpa.open-in-view to disable this warning
2020-02-21 13:53:35.371  INFO 15618 --- [main] o.hibernate.jpa.internal.util.LogHelper  : HHH000204: Processing PersistenceUnitInfo [name: default]
2020-02-21 13:53:35.433  INFO 15618 --- [main] org.hibernate.Version                    : HHH000412: Hibernate Core {5.4.10.Final}
2020-02-21 13:53:35.542  INFO 15672 --- [main] o.hibernate.jpa.internal.util.LogHelper  : HHH000204: Processing PersistenceUnitInfo [name: default]
2020-02-21 13:53:35.578  INFO 15618 --- [main] o.hibernate.annotations.common.Version   : HCANN000001: Hibernate Commons Annotations {5.1.0.Final}
2020-02-21 13:53:35.628  INFO 15672 --- [main] org.hibernate.Version                    : HHH000412: Hibernate Core {5.4.10.Final}
2020-02-21 13:53:35.720  INFO 15618 --- [main] com.zaxxer.hikari.HikariDataSource       : HikariPool-1 - Starting...
2020-02-21 13:53:35.739  INFO 15672 --- [main] o.hibernate.annotations.common.Version   : HCANN000001: Hibernate Commons Annotations {5.1.0.Final}
2020-02-21 13:53:35.842  INFO 15672 --- [main] com.zaxxer.hikari.HikariDataSource       : HikariPool-1 - Starting...
2020-02-21 13:53:36.073  INFO 15618 --- [main] com.zaxxer.hikari.HikariDataSource       : HikariPool-1 - Start completed.
2020-02-21 13:53:36.092  INFO 15618 --- [main] org.hibernate.dialect.Dialect            : HHH000400: Using dialect: org.hibernate.dialect.PostgreSQL10Dialect
2020-02-21 13:53:36.228  INFO 15672 --- [main] com.zaxxer.hikari.HikariDataSource       : HikariPool-1 - Start completed.
2020-02-21 13:53:36.260  INFO 15672 --- [main] org.hibernate.dialect.Dialect            : HHH000400: Using dialect: org.hibernate.dialect.PostgreSQL10Dialect
2020-02-21 13:53:37.028  INFO 15618 --- [main] o.h.e.t.j.p.i.JtaPlatformInitiator       : HHH000490: Using JtaPlatform implementation: [org.hibernate.engine.transaction.jta.platform.internal.NoJtaPlatform]
2020-02-21 13:53:37.033  INFO 15618 --- [main] j.LocalContainerEntityManagerFactoryBean : Initialized JPA EntityManagerFactory for persistence unit 'default'
2020-02-21 13:53:37.103  INFO 15672 --- [main] o.h.e.t.j.p.i.JtaPlatformInitiator       : HHH000490: Using JtaPlatform implementation: [org.hibernate.engine.transaction.jta.platform.internal.NoJtaPlatform]
2020-02-21 13:53:37.107  INFO 15672 --- [main] j.LocalContainerEntityManagerFactoryBean : Initialized JPA EntityManagerFactory for persistence unit 'default'
2020-02-21 13:53:38.204  INFO 15672 --- [main] o.s.b.a.e.web.ServletEndpointRegistrar   : Registered '/actuator/hystrix.stream' to hystrix.stream-actuator-endpoint
2020-02-21 13:53:38.231  INFO 15618 --- [main] o.s.b.a.e.web.ServletEndpointRegistrar   : Registered '/actuator/hystrix.stream' to hystrix.stream-actuator-endpoint
2020-02-21 13:53:38.394  INFO 15672 --- [main] io.jaegertracing.Configuration           : Initialized tracer=JaegerTracer(version=Java-0.34.0, serviceName=docman, reporter=CompositeReporter(reporters=[RemoteReporter(sender=UdpSender(), closeEnqueueTimeout=1000), LoggingReporter(logger=Logger[io.jaegertracing.internal.reporters.LoggingReporter])]), sampler=ConstSampler(decision=true, tags={sampler.type=const, sampler.param=true}), tags={hostname=pc0344, jaeger.version=Java-0.34.0, ip=127.0.1.1}, zipkinSharedRpcSpan=false, expandExceptionLogs=false, useTraceId128Bit=false)
2020-02-21 13:53:38.497  INFO 15618 --- [main] io.jaegertracing.Configuration           : Initialized tracer=JaegerTracer(version=Java-0.34.0, serviceName=docman, reporter=CompositeReporter(reporters=[RemoteReporter(sender=UdpSender(), closeEnqueueTimeout=1000), LoggingReporter(logger=Logger[io.jaegertracing.internal.reporters.LoggingReporter])]), sampler=ConstSampler(decision=true, tags={sampler.type=const, sampler.param=true}), tags={hostname=pc0344, jaeger.version=Java-0.34.0, ip=127.0.1.1}, zipkinSharedRpcSpan=false, expandExceptionLogs=false, useTraceId128Bit=false)
2020-02-21 13:53:38.678  INFO 15672 --- [main] o.s.s.web.DefaultSecurityFilterChain     : Creating filter chain: any request, [org.springframework.security.web.context.request.async.WebAsyncManagerIntegrationFilter@4fbed6fc, org.springframework.security.web.context.SecurityContextPersistenceFilter@20843604, org.springframework.security.web.header.HeaderWriterFilter@350ede1, org.springframework.security.web.authentication.logout.LogoutFilter@71d8794f, spring.security.JwtAuthenticationFilter@64e247e, org.springframework.security.web.savedrequest.RequestCacheAwareFilter@31d8352e, org.springframework.security.web.servletapi.SecurityContextHolderAwareRequestFilter@7da0587a, org.springframework.security.web.authentication.AnonymousAuthenticationFilter@1b1d93e9, org.springframework.security.web.session.SessionManagementFilter@1d208795, org.springframework.security.web.access.ExceptionTranslationFilter@5ab29866]
2020-02-21 13:53:38.879  INFO 15618 --- [main] o.s.s.web.DefaultSecurityFilterChain     : Creating filter chain: any request, [org.springframework.security.web.context.request.async.WebAsyncManagerIntegrationFilter@581cb879, org.springframework.security.web.context.SecurityContextPersistenceFilter@ab11e76, org.springframework.security.web.header.HeaderWriterFilter@763a72da, org.springframework.security.web.authentication.logout.LogoutFilter@78762e87, spring.security.JwtAuthenticationFilter@2f0b5d79, org.springframework.security.web.savedrequest.RequestCacheAwareFilter@69d6fe75, org.springframework.security.web.servletapi.SecurityContextHolderAwareRequestFilter@5b476930, org.springframework.security.web.authentication.AnonymousAuthenticationFilter@6a77953c, org.springframework.security.web.session.SessionManagementFilter@21b75073, org.springframework.security.web.access.ExceptionTranslationFilter@281a54b]
2020-02-21 13:53:38.996  WARN 15672 --- [main] c.n.c.sources.URLConfigurationSource     : No URLs will be polled as dynamic configuration sources.
2020-02-21 13:53:38.997  INFO 15672 --- [main] c.n.c.sources.URLConfigurationSource     : To enable URLs as dynamic configuration sources, define System property archaius.configurationSource.additionalUrls or make config.properties available on classpath.
2020-02-21 13:53:39.296  WARN 15618 --- [main] c.n.c.sources.URLConfigurationSource     : No URLs will be polled as dynamic configuration sources.
2020-02-21 13:53:39.296  INFO 15618 --- [main] c.n.c.sources.URLConfigurationSource     : To enable URLs as dynamic configuration sources, define System property archaius.configurationSource.additionalUrls or make config.properties available on classpath.
2020-02-21 13:53:39.670  INFO 15672 --- [main] o.s.c.n.zuul.ZuulFilterInitializer       : Starting filter initializer
2020-02-21 13:53:39.678  INFO 15672 --- [main] o.s.b.a.e.web.EndpointLinksResolver      : Exposing 21 endpoint(s) beneath base path '/actuator'
2020-02-21 13:53:39.978  INFO 15618 --- [main] o.s.c.n.zuul.ZuulFilterInitializer       : Starting filter initializer
2020-02-21 13:53:39.985  INFO 15618 --- [main] o.s.b.a.e.web.EndpointLinksResolver      : Exposing 21 endpoint(s) beneath base path '/actuator'
2020-02-21 13:53:40.065  INFO 15618 --- [main] o.apache.catalina.core.StandardService   : Stopping service [Tomcat]
2020-02-21 13:53:40.069  WARN 15618 --- [main] o.a.c.loader.WebappClassLoaderBase       : The web application [ROOT] appears to have started a thread named [HikariPool-1 housekeeper] but has failed to stop it. This is very likely to create a memory leak. Stack trace of thread:
 java.base@13.0.2/jdk.internal.misc.Unsafe.park(Native Method)
 java.base@13.0.2/java.util.concurrent.locks.LockSupport.parkNanos(LockSupport.java:235)
 java.base@13.0.2/java.util.concurrent.locks.AbstractQueuedSynchronizer$ConditionObject.awaitNanos(AbstractQueuedSynchronizer.java:2123)
 java.base@13.0.2/java.util.concurrent.ScheduledThreadPoolExecutor$DelayedWorkQueue.take(ScheduledThreadPoolExecutor.java:1182)
 java.base@13.0.2/java.util.concurrent.ScheduledThreadPoolExecutor$DelayedWorkQueue.take(ScheduledThreadPoolExecutor.java:899)
 java.base@13.0.2/java.util.concurrent.ThreadPoolExecutor.getTask(ThreadPoolExecutor.java:1054)
 java.base@13.0.2/java.util.concurrent.ThreadPoolExecutor.runWorker(ThreadPoolExecutor.java:1114)
 java.base@13.0.2/java.util.concurrent.ThreadPoolExecutor$Worker.run(ThreadPoolExecutor.java:628)
 java.base@13.0.2/java.lang.Thread.run(Thread.java:830)
2020-02-21 13:53:40.069  WARN 15618 --- [main] o.a.c.loader.WebappClassLoaderBase       : The web application [ROOT] appears to have started a thread named [HikariPool-1 connection adder] but has failed to stop it. This is very likely to create a memory leak. Stack trace of thread:
 java.base@13.0.2/jdk.internal.misc.Unsafe.park(Native Method)
 java.base@13.0.2/java.util.concurrent.locks.LockSupport.parkNanos(LockSupport.java:235)
 java.base@13.0.2/java.util.concurrent.locks.AbstractQueuedSynchronizer$ConditionObject.awaitNanos(AbstractQueuedSynchronizer.java:2123)
 java.base@13.0.2/java.util.concurrent.LinkedBlockingQueue.poll(LinkedBlockingQueue.java:458)
 java.base@13.0.2/java.util.concurrent.ThreadPoolExecutor.getTask(ThreadPoolExecutor.java:1053)
 java.base@13.0.2/java.util.concurrent.ThreadPoolExecutor.runWorker(ThreadPoolExecutor.java:1114)
 java.base@13.0.2/java.util.concurrent.ThreadPoolExecutor$Worker.run(ThreadPoolExecutor.java:628)
 java.base@13.0.2/java.lang.Thread.run(Thread.java:830)
2020-02-21 13:53:40.070  WARN 15618 --- [main] o.a.c.loader.WebappClassLoaderBase       : The web application [ROOT] appears to have started a thread named [spring.cloud.inetutils] but has failed to stop it. This is very likely to create a memory leak. Stack trace of thread:
 java.base@13.0.2/jdk.internal.misc.Unsafe.park(Native Method)
 java.base@13.0.2/java.util.concurrent.locks.LockSupport.park(LockSupport.java:194)
 java.base@13.0.2/java.util.concurrent.locks.AbstractQueuedSynchronizer$ConditionObject.await(AbstractQueuedSynchronizer.java:2081)
 java.base@13.0.2/java.util.concurrent.LinkedBlockingQueue.take(LinkedBlockingQueue.java:433)
 java.base@13.0.2/java.util.concurrent.ThreadPoolExecutor.getTask(ThreadPoolExecutor.java:1054)
 java.base@13.0.2/java.util.concurrent.ThreadPoolExecutor.runWorker(ThreadPoolExecutor.java:1114)
 java.base@13.0.2/java.util.concurrent.ThreadPoolExecutor$Worker.run(ThreadPoolExecutor.java:628)
 java.base@13.0.2/java.lang.Thread.run(Thread.java:830)
2020-02-21 13:53:40.070  WARN 15618 --- [main] o.a.c.loader.WebappClassLoaderBase       : The web application [ROOT] appears to have started a thread named [RxIoScheduler-1 (Evictor)] but has failed to stop it. This is very likely to create a memory leak. Stack trace of thread:
 java.base@13.0.2/jdk.internal.misc.Unsafe.park(Native Method)
 java.base@13.0.2/java.util.concurrent.locks.LockSupport.parkNanos(LockSupport.java:235)
 java.base@13.0.2/java.util.concurrent.locks.AbstractQueuedSynchronizer$ConditionObject.awaitNanos(AbstractQueuedSynchronizer.java:2123)
 java.base@13.0.2/java.util.concurrent.ScheduledThreadPoolExecutor$DelayedWorkQueue.take(ScheduledThreadPoolExecutor.java:1182)
 java.base@13.0.2/java.util.concurrent.ScheduledThreadPoolExecutor$DelayedWorkQueue.take(ScheduledThreadPoolExecutor.java:899)
 java.base@13.0.2/java.util.concurrent.ThreadPoolExecutor.getTask(ThreadPoolExecutor.java:1054)
 java.base@13.0.2/java.util.concurrent.ThreadPoolExecutor.runWorker(ThreadPoolExecutor.java:1114)
 java.base@13.0.2/java.util.concurrent.ThreadPoolExecutor$Worker.run(ThreadPoolExecutor.java:628)
 java.base@13.0.2/java.lang.Thread.run(Thread.java:830)
2020-02-21 13:53:40.075  INFO 15618 --- [main] ConditionEvaluationReportLoggingListener : 

Error starting ApplicationContext. To display the conditions report re-run your application with 'debug' enabled.
2020-02-21 13:53:40.077  INFO 15618 --- [main] o.s.c.n.zuul.ZuulFilterInitializer       : Stopping filter initializer
2020-02-21 13:53:40.088  INFO 15618 --- [main] j.LocalContainerEntityManagerFactoryBean : Closing JPA EntityManagerFactory for persistence unit 'default'
2020-02-21 13:53:40.092  INFO 15618 --- [main] com.zaxxer.hikari.HikariDataSource       : HikariPool-1 - Shutdown initiated...
2020-02-21 13:53:40.110  INFO 15672 --- [main] o.s.b.w.embedded.tomcat.TomcatWebServer  : Tomcat started on port(s): 7070 (https) with context path ''
2020-02-21 13:53:40.118  INFO 15618 --- [main] com.zaxxer.hikari.HikariDataSource       : HikariPool-1 - Shutdown completed.
2020-02-21 13:53:40.121 ERROR 15618 --- [main] o.s.b.d.LoggingFailureAnalysisReporter   : 

***************************
APPLICATION FAILED TO START
***************************

Description:

Web server failed to start. Port 7070 was already in use.

Action:

Identify and stop the process that's listening on port 7070 or configure this application to listen on another port.

2020-02-21 13:53:40.170  INFO 15672 --- [main] spring.DocmanApplication                 : Started DocmanApplication in 9.36 seconds (JVM running for 10.015)
2020-02-21 13:53:54.182  INFO 15672 --- [SpringContextShutdownHook] o.s.c.n.zuul.ZuulFilterInitializer       : Stopping filter initializer
2020-02-21 13:53:54.193  INFO 15672 --- [SpringContextShutdownHook] j.LocalContainerEntityManagerFactoryBean : Closing JPA EntityManagerFactory for persistence unit 'default'
2020-02-21 13:53:54.196  INFO 15672 --- [SpringContextShutdownHook] com.zaxxer.hikari.HikariDataSource       : HikariPool-1 - Shutdown initiated...
2020-02-21 13:53:54.212  INFO 15672 --- [SpringContextShutdownHook] com.zaxxer.hikari.HikariDataSource       : HikariPool-1 - Shutdown completed.
