2020-02-14 15:08:16 INFO  AuthService https-jsse-nio-7070-exec-10 - signUp 200 OK
2020-02-14 15:14:31 INFO  AuthService https-jsse-nio-7070-exec-9 - signUp 200 OK
2020-02-14 15:25:01 INFO  AuthService https-jsse-nio-7070-exec-10 - signUp 200 OK
2020-02-17 12:32:14 INFO  AuthService https-jsse-nio-7070-exec-9 - show post-username success
2020-02-17 12:32:14 INFO  AuthService https-jsse-nio-7070-exec-8 - show post-username success
2020-02-17 12:32:25 INFO  AuthService https-jsse-nio-7070-exec-4 - show post-username success
2020-02-17 12:32:25 INFO  AuthService https-jsse-nio-7070-exec-2 - show post-username success
2020-02-17 12:32:26 INFO  AuthService https-jsse-nio-7070-exec-7 - show post-username success
2020-02-17 12:32:26 INFO  AuthService https-jsse-nio-7070-exec-5 - show post-username success
2020-02-17 12:32:46 INFO  AuthService https-jsse-nio-7070-exec-1 - show user-username success
2020-02-17 12:32:46 INFO  AuthService https-jsse-nio-7070-exec-1 - show user-email success
2020-02-17 12:32:46 INFO  AuthService https-jsse-nio-7070-exec-1 - signUp 200 OK
2020-02-17 12:32:58 INFO  AuthService https-jsse-nio-7070-exec-1 - show post-username success
2020-02-17 12:32:58 INFO  AuthService https-jsse-nio-7070-exec-2 - show post-username success
2020-02-17 13:57:43 INFO  AuthService https-jsse-nio-7070-exec-8 - show post-username success
2020-02-17 13:57:43 INFO  AuthService https-jsse-nio-7070-exec-9 - show post-username success
2020-02-17 13:57:51 INFO  AuthService https-jsse-nio-7070-exec-9 - show post-username success
2020-02-17 13:57:51 INFO  AuthService https-jsse-nio-7070-exec-8 - show post-username success
2020-02-17 13:58:16 INFO  AuthService https-jsse-nio-7070-exec-6 - show post-username success
2020-02-17 13:58:16 INFO  AuthService https-jsse-nio-7070-exec-5 - show post-username success
2020-02-17 13:58:49 INFO  AuthService https-jsse-nio-7070-exec-4 - show post-username success
2020-02-17 13:58:49 INFO  AuthService https-jsse-nio-7070-exec-3 - show post-username success
2020-02-17 13:58:50 INFO  AuthService https-jsse-nio-7070-exec-8 - show post-username success
2020-02-17 13:58:50 INFO  AuthService https-jsse-nio-7070-exec-10 - show post-username success
2020-02-17 14:00:52 INFO  AuthService https-jsse-nio-7070-exec-3 - show post-username success
2020-02-17 14:00:52 INFO  AuthService https-jsse-nio-7070-exec-4 - show post-username success
2020-02-17 14:00:58 INFO  AuthService https-jsse-nio-7070-exec-1 - show post-username success
2020-02-17 14:00:58 INFO  AuthService https-jsse-nio-7070-exec-2 - show post-username success
2020-02-17 14:01:00 INFO  AuthService https-jsse-nio-7070-exec-5 - show users success
2020-02-17 14:01:01 INFO  AuthService https-jsse-nio-7070-exec-4 - show users success
2020-02-17 14:01:05 INFO  AuthService https-jsse-nio-7070-exec-10 - show post-username success
2020-02-17 14:01:05 INFO  AuthService https-jsse-nio-7070-exec-3 - show post-username success
2020-02-17 14:01:10 INFO  AuthService https-jsse-nio-7070-exec-4 - show post-username success
2020-02-17 14:01:10 INFO  AuthService https-jsse-nio-7070-exec-1 - show post-username success
2020-02-17 14:01:16 INFO  AuthService https-jsse-nio-7070-exec-3 - show users success
2020-02-17 14:01:31 INFO  AuthService https-jsse-nio-7070-exec-9 - show users success
2020-02-17 14:01:33 INFO  AuthService https-jsse-nio-7070-exec-6 - show users success
2020-02-17 14:01:35 INFO  AuthService https-jsse-nio-7070-exec-2 - delete user success
2020-02-17 14:01:35 INFO  AuthService https-jsse-nio-7070-exec-9 - show post-username success
2020-02-17 14:01:35 INFO  AuthService https-jsse-nio-7070-exec-5 - show post-username success
2020-02-17 14:01:39 INFO  AuthService https-jsse-nio-7070-exec-6 - show users success
2020-02-17 14:01:41 INFO  AuthService https-jsse-nio-7070-exec-1 - show users success
2020-02-17 14:01:41 INFO  AuthService https-jsse-nio-7070-exec-3 - show users success
2020-02-17 14:01:45 INFO  AuthService https-jsse-nio-7070-exec-9 - show post-username success
2020-02-17 14:01:45 INFO  AuthService https-jsse-nio-7070-exec-5 - show post-username success
2020-02-17 14:16:48 INFO  AuthService https-jsse-nio-7070-exec-1 - show post-username success
2020-02-17 14:16:48 INFO  AuthService https-jsse-nio-7070-exec-2 - show post-username success
2020-02-17 14:16:56 INFO  AuthService https-jsse-nio-7070-exec-6 - show users success
2020-02-17 14:17:03 INFO  AuthService https-jsse-nio-7070-exec-8 - show users success
2020-02-17 14:18:10 INFO  AuthService https-jsse-nio-7070-exec-2 - show post-username success
2020-02-17 14:18:10 INFO  AuthService https-jsse-nio-7070-exec-3 - show post-username success
2020-02-17 14:18:27 INFO  AuthService https-jsse-nio-7070-exec-9 - show user-username success
2020-02-17 14:18:27 INFO  AuthService https-jsse-nio-7070-exec-9 - show user-email success
2020-02-17 14:18:27 INFO  AuthService https-jsse-nio-7070-exec-9 - signUp 200 OK
2020-02-17 14:18:34 INFO  AuthService https-jsse-nio-7070-exec-1 - show post-username success
2020-02-17 14:18:34 INFO  AuthService https-jsse-nio-7070-exec-3 - show post-username success
2020-02-17 14:18:37 INFO  AuthService https-jsse-nio-7070-exec-4 - show users success
2020-02-17 14:18:40 INFO  AuthService https-jsse-nio-7070-exec-6 - show posts success
2020-02-17 14:18:40 INFO  AuthService https-jsse-nio-7070-exec-1 - show posts success
2020-02-17 14:42:53 INFO  AuthService https-jsse-nio-7070-exec-7 - show users success
2020-02-17 14:44:54 INFO  AuthService https-jsse-nio-7070-exec-2 - show post-username success
2020-02-17 14:44:54 INFO  AuthService https-jsse-nio-7070-exec-5 - show post-username success
