2020-03-04 14:10:54.844  INFO 30489 --- [main] spring.DocmanApplication                 : No active profile set, falling back to default profiles: default
2020-03-04 14:10:55.609  INFO 30489 --- [main] .s.d.r.c.RepositoryConfigurationDelegate : Bootstrapping Spring Data JPA repositories in DEFAULT mode.
2020-03-04 14:10:55.675  INFO 30489 --- [main] .s.d.r.c.RepositoryConfigurationDelegate : Finished Spring Data repository scanning in 59ms. Found 2 JPA repository interfaces.
2020-03-04 14:10:55.775  WARN 30489 --- [main] o.s.boot.actuate.endpoint.EndpointId     : Endpoint ID 'hystrix.stream' contains invalid characters, please migrate to a valid format.
2020-03-04 14:10:55.917  INFO 30489 --- [main] o.s.cloud.context.scope.GenericScope     : BeanFactory id=e000653b-d2cf-363e-aa49-645afd14ed9d
2020-03-04 14:10:56.128  INFO 30489 --- [main] trationDelegate$BeanPostProcessorChecker : Bean 'org.springframework.transaction.annotation.ProxyTransactionManagementConfiguration' of type [org.springframework.transaction.annotation.ProxyTransactionManagementConfiguration] is not eligible for getting processed by all BeanPostProcessors (for example: not eligible for auto-proxying)
2020-03-04 14:10:56.215  INFO 30489 --- [main] trationDelegate$BeanPostProcessorChecker : Bean 'org.springframework.cloud.autoconfigure.ConfigurationPropertiesRebinderAutoConfiguration' of type [org.springframework.cloud.autoconfigure.ConfigurationPropertiesRebinderAutoConfiguration] is not eligible for getting processed by all BeanPostProcessors (for example: not eligible for auto-proxying)
2020-03-04 14:10:56.426  INFO 30489 --- [main] o.s.b.w.embedded.tomcat.TomcatWebServer  : Tomcat initialized with port(s): 7070 (https)
2020-03-04 14:10:56.439  INFO 30489 --- [main] o.apache.catalina.core.StandardService   : Starting service [Tomcat]
2020-03-04 14:10:56.440  INFO 30489 --- [main] org.apache.catalina.core.StandardEngine  : Starting Servlet engine: [Apache Tomcat/9.0.30]
2020-03-04 14:10:56.539  INFO 30489 --- [main] o.a.c.c.C.[Tomcat].[localhost].[/]       : Initializing Spring embedded WebApplicationContext
2020-03-04 14:10:56.540  INFO 30489 --- [main] o.s.web.context.ContextLoader            : Root WebApplicationContext: initialization completed in 1677 ms
2020-03-04 14:10:56.620  WARN 30489 --- [main] c.n.c.sources.URLConfigurationSource     : No URLs will be polled as dynamic configuration sources.
2020-03-04 14:10:56.620  INFO 30489 --- [main] c.n.c.sources.URLConfigurationSource     : To enable URLs as dynamic configuration sources, define System property archaius.configurationSource.additionalUrls or make config.properties available on classpath.
2020-03-04 14:10:56.629  INFO 30489 --- [main] c.netflix.config.DynamicPropertyFactory  : DynamicPropertyFactory is initialized with configuration sources: com.netflix.config.ConcurrentCompositeConfiguration@46f73ffa
2020-03-04 14:10:56.700  WARN 30489 --- [main] JpaBaseConfiguration$JpaWebConfiguration : spring.jpa.open-in-view is enabled by default. Therefore, database queries may be performed during view rendering. Explicitly configure spring.jpa.open-in-view to disable this warning
2020-03-04 14:10:56.852  INFO 30489 --- [main] o.hibernate.jpa.internal.util.LogHelper  : HHH000204: Processing PersistenceUnitInfo [name: default]
2020-03-04 14:10:56.911  INFO 30489 --- [main] org.hibernate.Version                    : HHH000412: Hibernate Core {5.4.10.Final}
2020-03-04 14:10:57.036  INFO 30489 --- [main] o.hibernate.annotations.common.Version   : HCANN000001: Hibernate Commons Annotations {5.1.0.Final}
2020-03-04 14:10:57.107  INFO 30489 --- [main] com.zaxxer.hikari.HikariDataSource       : HikariPool-1 - Starting...
2020-03-04 14:10:57.271  INFO 30489 --- [main] com.zaxxer.hikari.HikariDataSource       : HikariPool-1 - Start completed.
2020-03-04 14:10:57.286  INFO 30489 --- [main] org.hibernate.dialect.Dialect            : HHH000400: Using dialect: org.hibernate.dialect.PostgreSQL10Dialect
2020-03-04 14:10:57.774  INFO 30489 --- [main] o.h.e.t.j.p.i.JtaPlatformInitiator       : HHH000490: Using JtaPlatform implementation: [org.hibernate.engine.transaction.jta.platform.internal.NoJtaPlatform]
2020-03-04 14:10:57.778  INFO 30489 --- [main] j.LocalContainerEntityManagerFactoryBean : Initialized JPA EntityManagerFactory for persistence unit 'default'
2020-03-04 14:10:58.498  INFO 30489 --- [main] o.s.b.a.e.web.ServletEndpointRegistrar   : Registered '/actuator/hystrix.stream' to hystrix.stream-actuator-endpoint
2020-03-04 14:10:58.597  INFO 30489 --- [main] io.jaegertracing.Configuration           : Initialized tracer=JaegerTracer(version=Java-0.34.0, serviceName=docman, reporter=CompositeReporter(reporters=[RemoteReporter(sender=UdpSender(), closeEnqueueTimeout=1000), LoggingReporter(logger=Logger[io.jaegertracing.internal.reporters.LoggingReporter])]), sampler=ConstSampler(decision=true, tags={sampler.type=const, sampler.param=true}), tags={hostname=pc0344, jaeger.version=Java-0.34.0, ip=127.0.1.1}, zipkinSharedRpcSpan=false, expandExceptionLogs=false, useTraceId128Bit=false)
2020-03-04 14:10:58.782  INFO 30489 --- [main] o.s.s.web.DefaultSecurityFilterChain     : Creating filter chain: any request, [org.springframework.security.web.context.request.async.WebAsyncManagerIntegrationFilter@77902ed6, org.springframework.security.web.context.SecurityContextPersistenceFilter@69c335c4, org.springframework.security.web.header.HeaderWriterFilter@2d732cda, org.springframework.security.web.authentication.logout.LogoutFilter@33de9d85, spring.jwt.JwtAuthenticationFilter@34a99d8, org.springframework.security.web.savedrequest.RequestCacheAwareFilter@7236213e, org.springframework.security.web.servletapi.SecurityContextHolderAwareRequestFilter@16160a37, org.springframework.security.web.authentication.AnonymousAuthenticationFilter@1c0a4f87, org.springframework.security.web.session.SessionManagementFilter@4b8ac512, org.springframework.security.web.access.ExceptionTranslationFilter@5aa2758a]
2020-03-04 14:10:58.943  WARN 30489 --- [main] c.n.c.sources.URLConfigurationSource     : No URLs will be polled as dynamic configuration sources.
2020-03-04 14:10:58.943  INFO 30489 --- [main] c.n.c.sources.URLConfigurationSource     : To enable URLs as dynamic configuration sources, define System property archaius.configurationSource.additionalUrls or make config.properties available on classpath.
2020-03-04 14:10:59.255  INFO 30489 --- [main] o.s.c.n.zuul.ZuulFilterInitializer       : Starting filter initializer
2020-03-04 14:10:59.259  INFO 30489 --- [main] o.s.b.a.e.web.EndpointLinksResolver      : Exposing 21 endpoint(s) beneath base path '/actuator'
2020-03-04 14:10:59.533  INFO 30489 --- [main] o.s.b.w.embedded.tomcat.TomcatWebServer  : Tomcat started on port(s): 7070 (https) with context path ''
2020-03-04 14:10:59.537  INFO 30489 --- [main] spring.DocmanApplication                 : Started DocmanApplication in 5.396 seconds (JVM running for 5.935)
2020-03-04 14:12:00.391  INFO 30489 --- [SpringContextShutdownHook] o.s.c.n.zuul.ZuulFilterInitializer       : Stopping filter initializer
2020-03-04 14:12:00.402  INFO 30489 --- [SpringContextShutdownHook] j.LocalContainerEntityManagerFactoryBean : Closing JPA EntityManagerFactory for persistence unit 'default'
2020-03-04 14:12:00.408  INFO 30489 --- [SpringContextShutdownHook] com.zaxxer.hikari.HikariDataSource       : HikariPool-1 - Shutdown initiated...
2020-03-04 14:12:00.423  INFO 30489 --- [SpringContextShutdownHook] com.zaxxer.hikari.HikariDataSource       : HikariPool-1 - Shutdown completed.
2020-03-04 14:12:06.074  INFO 31144 --- [main] spring.DocmanApplication                 : No active profile set, falling back to default profiles: default
2020-03-04 14:12:06.707  INFO 31144 --- [main] .s.d.r.c.RepositoryConfigurationDelegate : Bootstrapping Spring Data JPA repositories in DEFAULT mode.
2020-03-04 14:12:06.764  INFO 31144 --- [main] .s.d.r.c.RepositoryConfigurationDelegate : Finished Spring Data repository scanning in 51ms. Found 2 JPA repository interfaces.
2020-03-04 14:12:06.862  WARN 31144 --- [main] o.s.boot.actuate.endpoint.EndpointId     : Endpoint ID 'hystrix.stream' contains invalid characters, please migrate to a valid format.
2020-03-04 14:12:06.975  INFO 31144 --- [main] o.s.cloud.context.scope.GenericScope     : BeanFactory id=e000653b-d2cf-363e-aa49-645afd14ed9d
2020-03-04 14:12:07.134  INFO 31144 --- [main] trationDelegate$BeanPostProcessorChecker : Bean 'org.springframework.transaction.annotation.ProxyTransactionManagementConfiguration' of type [org.springframework.transaction.annotation.ProxyTransactionManagementConfiguration] is not eligible for getting processed by all BeanPostProcessors (for example: not eligible for auto-proxying)
2020-03-04 14:12:07.220  INFO 31144 --- [main] trationDelegate$BeanPostProcessorChecker : Bean 'org.springframework.cloud.autoconfigure.ConfigurationPropertiesRebinderAutoConfiguration' of type [org.springframework.cloud.autoconfigure.ConfigurationPropertiesRebinderAutoConfiguration] is not eligible for getting processed by all BeanPostProcessors (for example: not eligible for auto-proxying)
2020-03-04 14:12:07.401  INFO 31144 --- [main] o.s.b.w.embedded.tomcat.TomcatWebServer  : Tomcat initialized with port(s): 7070 (https)
2020-03-04 14:12:07.414  INFO 31144 --- [main] o.apache.catalina.core.StandardService   : Starting service [Tomcat]
2020-03-04 14:12:07.414  INFO 31144 --- [main] org.apache.catalina.core.StandardEngine  : Starting Servlet engine: [Apache Tomcat/9.0.30]
2020-03-04 14:12:07.534  INFO 31144 --- [main] o.a.c.c.C.[Tomcat].[localhost].[/]       : Initializing Spring embedded WebApplicationContext
2020-03-04 14:12:07.535  INFO 31144 --- [main] o.s.web.context.ContextLoader            : Root WebApplicationContext: initialization completed in 1447 ms
2020-03-04 14:12:07.617  WARN 31144 --- [main] c.n.c.sources.URLConfigurationSource     : No URLs will be polled as dynamic configuration sources.
2020-03-04 14:12:07.617  INFO 31144 --- [main] c.n.c.sources.URLConfigurationSource     : To enable URLs as dynamic configuration sources, define System property archaius.configurationSource.additionalUrls or make config.properties available on classpath.
2020-03-04 14:12:07.626  INFO 31144 --- [main] c.netflix.config.DynamicPropertyFactory  : DynamicPropertyFactory is initialized with configuration sources: com.netflix.config.ConcurrentCompositeConfiguration@33d28f0a
2020-03-04 14:12:07.673  WARN 31144 --- [main] JpaBaseConfiguration$JpaWebConfiguration : spring.jpa.open-in-view is enabled by default. Therefore, database queries may be performed during view rendering. Explicitly configure spring.jpa.open-in-view to disable this warning
2020-03-04 14:12:07.811  INFO 31144 --- [main] o.hibernate.jpa.internal.util.LogHelper  : HHH000204: Processing PersistenceUnitInfo [name: default]
2020-03-04 14:12:07.850  INFO 31144 --- [main] org.hibernate.Version                    : HHH000412: Hibernate Core {5.4.10.Final}
2020-03-04 14:12:07.920  INFO 31144 --- [main] o.hibernate.annotations.common.Version   : HCANN000001: Hibernate Commons Annotations {5.1.0.Final}
2020-03-04 14:12:07.985  INFO 31144 --- [main] com.zaxxer.hikari.HikariDataSource       : HikariPool-1 - Starting...
2020-03-04 14:12:08.162  INFO 31144 --- [main] com.zaxxer.hikari.HikariDataSource       : HikariPool-1 - Start completed.
2020-03-04 14:12:08.175  INFO 31144 --- [main] org.hibernate.dialect.Dialect            : HHH000400: Using dialect: org.hibernate.dialect.PostgreSQL10Dialect
2020-03-04 14:12:08.656  INFO 31144 --- [main] o.h.e.t.j.p.i.JtaPlatformInitiator       : HHH000490: Using JtaPlatform implementation: [org.hibernate.engine.transaction.jta.platform.internal.NoJtaPlatform]
2020-03-04 14:12:08.661  INFO 31144 --- [main] j.LocalContainerEntityManagerFactoryBean : Initialized JPA EntityManagerFactory for persistence unit 'default'
2020-03-04 14:12:09.392  INFO 31144 --- [main] o.s.b.a.e.web.ServletEndpointRegistrar   : Registered '/actuator/hystrix.stream' to hystrix.stream-actuator-endpoint
2020-03-04 14:12:09.487  INFO 31144 --- [main] io.jaegertracing.Configuration           : Initialized tracer=JaegerTracer(version=Java-0.34.0, serviceName=docman, reporter=CompositeReporter(reporters=[RemoteReporter(sender=UdpSender(), closeEnqueueTimeout=1000), LoggingReporter(logger=Logger[io.jaegertracing.internal.reporters.LoggingReporter])]), sampler=ConstSampler(decision=true, tags={sampler.type=const, sampler.param=true}), tags={hostname=pc0344, jaeger.version=Java-0.34.0, ip=127.0.1.1}, zipkinSharedRpcSpan=false, expandExceptionLogs=false, useTraceId128Bit=false)
2020-03-04 14:12:09.668  INFO 31144 --- [main] o.s.s.web.DefaultSecurityFilterChain     : Creating filter chain: any request, [org.springframework.security.web.context.request.async.WebAsyncManagerIntegrationFilter@77262e71, org.springframework.security.web.context.SecurityContextPersistenceFilter@58922a00, org.springframework.security.web.header.HeaderWriterFilter@1a916120, org.springframework.security.web.authentication.logout.LogoutFilter@64096a41, spring.jwt.JwtAuthenticationFilter@69d2c460, org.springframework.security.web.savedrequest.RequestCacheAwareFilter@6f09cb98, org.springframework.security.web.servletapi.SecurityContextHolderAwareRequestFilter@7fb2645b, org.springframework.security.web.authentication.AnonymousAuthenticationFilter@77902ed6, org.springframework.security.web.session.SessionManagementFilter@157267db, org.springframework.security.web.access.ExceptionTranslationFilter@4e22dadb]
2020-03-04 14:12:09.859  WARN 31144 --- [main] c.n.c.sources.URLConfigurationSource     : No URLs will be polled as dynamic configuration sources.
2020-03-04 14:12:09.860  INFO 31144 --- [main] c.n.c.sources.URLConfigurationSource     : To enable URLs as dynamic configuration sources, define System property archaius.configurationSource.additionalUrls or make config.properties available on classpath.
2020-03-04 14:12:10.159  INFO 31144 --- [main] o.s.c.n.zuul.ZuulFilterInitializer       : Starting filter initializer
2020-03-04 14:12:10.163  INFO 31144 --- [main] o.s.b.a.e.web.EndpointLinksResolver      : Exposing 21 endpoint(s) beneath base path '/actuator'
2020-03-04 14:12:10.456  INFO 31144 --- [main] o.s.b.w.embedded.tomcat.TomcatWebServer  : Tomcat started on port(s): 7070 (https) with context path ''
2020-03-04 14:12:10.459  INFO 31144 --- [main] spring.DocmanApplication                 : Started DocmanApplication in 5.075 seconds (JVM running for 5.515)
2020-03-04 14:13:12.783  INFO 31144 --- [SpringContextShutdownHook] o.s.c.n.zuul.ZuulFilterInitializer       : Stopping filter initializer
2020-03-04 14:13:12.792  INFO 31144 --- [SpringContextShutdownHook] j.LocalContainerEntityManagerFactoryBean : Closing JPA EntityManagerFactory for persistence unit 'default'
2020-03-04 14:13:12.796  INFO 31144 --- [SpringContextShutdownHook] com.zaxxer.hikari.HikariDataSource       : HikariPool-1 - Shutdown initiated...
2020-03-04 14:13:12.815  INFO 31144 --- [SpringContextShutdownHook] com.zaxxer.hikari.HikariDataSource       : HikariPool-1 - Shutdown completed.
2020-03-04 14:13:19.286  INFO 31650 --- [main] spring.DocmanApplication                 : No active profile set, falling back to default profiles: default
2020-03-04 14:13:19.346  WARN 31650 --- [main] ConfigServletWebServerApplicationContext : Exception encountered during context initialization - cancelling refresh attempt: org.springframework.beans.factory.BeanDefinitionStoreException: Failed to parse configuration class [spring.DocmanApplication]; nested exception is org.springframework.context.annotation.ConflictingBeanDefinitionException: Annotation-specified bean name 'postMapperImpl' for bean class [spring.post.PostMapperImpl] conflicts with existing, non-compatible bean definition of same name and class [spring.mapper.PostMapperImpl]
2020-03-04 14:13:19.351 ERROR 31650 --- [main] o.s.boot.SpringApplication               : Application run failed

org.springframework.beans.factory.BeanDefinitionStoreException: Failed to parse configuration class [spring.DocmanApplication]; nested exception is org.springframework.context.annotation.ConflictingBeanDefinitionException: Annotation-specified bean name 'postMapperImpl' for bean class [spring.post.PostMapperImpl] conflicts with existing, non-compatible bean definition of same name and class [spring.mapper.PostMapperImpl]
	at org.springframework.context.annotation.ConfigurationClassParser.parse(ConfigurationClassParser.java:184) ~[spring-context-5.2.3.RELEASE.jar:5.2.3.RELEASE]
	at org.springframework.context.annotation.ConfigurationClassPostProcessor.processConfigBeanDefinitions(ConfigurationClassPostProcessor.java:319) ~[spring-context-5.2.3.RELEASE.jar:5.2.3.RELEASE]
	at org.springframework.context.annotation.ConfigurationClassPostProcessor.postProcessBeanDefinitionRegistry(ConfigurationClassPostProcessor.java:236) ~[spring-context-5.2.3.RELEASE.jar:5.2.3.RELEASE]
	at org.springframework.context.support.PostProcessorRegistrationDelegate.invokeBeanDefinitionRegistryPostProcessors(PostProcessorRegistrationDelegate.java:275) ~[spring-context-5.2.3.RELEASE.jar:5.2.3.RELEASE]
	at org.springframework.context.support.PostProcessorRegistrationDelegate.invokeBeanFactoryPostProcessors(PostProcessorRegistrationDelegate.java:95) ~[spring-context-5.2.3.RELEASE.jar:5.2.3.RELEASE]
	at org.springframework.context.support.AbstractApplicationContext.invokeBeanFactoryPostProcessors(AbstractApplicationContext.java:706) ~[spring-context-5.2.3.RELEASE.jar:5.2.3.RELEASE]
	at org.springframework.context.support.AbstractApplicationContext.refresh(AbstractApplicationContext.java:532) ~[spring-context-5.2.3.RELEASE.jar:5.2.3.RELEASE]
	at org.springframework.boot.web.servlet.context.ServletWebServerApplicationContext.refresh(ServletWebServerApplicationContext.java:141) ~[spring-boot-2.2.4.RELEASE.jar:2.2.4.RELEASE]
	at org.springframework.boot.SpringApplication.refresh(SpringApplication.java:747) ~[spring-boot-2.2.4.RELEASE.jar:2.2.4.RELEASE]
	at org.springframework.boot.SpringApplication.refreshContext(SpringApplication.java:397) ~[spring-boot-2.2.4.RELEASE.jar:2.2.4.RELEASE]
	at org.springframework.boot.SpringApplication.run(SpringApplication.java:315) ~[spring-boot-2.2.4.RELEASE.jar:2.2.4.RELEASE]
	at org.springframework.boot.SpringApplication.run(SpringApplication.java:1226) ~[spring-boot-2.2.4.RELEASE.jar:2.2.4.RELEASE]
	at org.springframework.boot.SpringApplication.run(SpringApplication.java:1215) ~[spring-boot-2.2.4.RELEASE.jar:2.2.4.RELEASE]
	at spring.DocmanApplication.main(DocmanApplication.java:12) ~[classes/:na]
Caused by: org.springframework.context.annotation.ConflictingBeanDefinitionException: Annotation-specified bean name 'postMapperImpl' for bean class [spring.post.PostMapperImpl] conflicts with existing, non-compatible bean definition of same name and class [spring.mapper.PostMapperImpl]
	at org.springframework.context.annotation.ClassPathBeanDefinitionScanner.checkCandidate(ClassPathBeanDefinitionScanner.java:349) ~[spring-context-5.2.3.RELEASE.jar:5.2.3.RELEASE]
	at org.springframework.context.annotation.ClassPathBeanDefinitionScanner.doScan(ClassPathBeanDefinitionScanner.java:287) ~[spring-context-5.2.3.RELEASE.jar:5.2.3.RELEASE]
	at org.springframework.context.annotation.ComponentScanAnnotationParser.parse(ComponentScanAnnotationParser.java:132) ~[spring-context-5.2.3.RELEASE.jar:5.2.3.RELEASE]
	at org.springframework.context.annotation.ConfigurationClassParser.doProcessConfigurationClass(ConfigurationClassParser.java:290) ~[spring-context-5.2.3.RELEASE.jar:5.2.3.RELEASE]
	at org.springframework.context.annotation.ConfigurationClassParser.processConfigurationClass(ConfigurationClassParser.java:245) ~[spring-context-5.2.3.RELEASE.jar:5.2.3.RELEASE]
	at org.springframework.context.annotation.ConfigurationClassParser.parse(ConfigurationClassParser.java:202) ~[spring-context-5.2.3.RELEASE.jar:5.2.3.RELEASE]
	at org.springframework.context.annotation.ConfigurationClassParser.parse(ConfigurationClassParser.java:170) ~[spring-context-5.2.3.RELEASE.jar:5.2.3.RELEASE]
	... 13 common frames omitted

2020-03-04 14:14:16.897  INFO 32015 --- [main] spring.DocmanApplication                 : No active profile set, falling back to default profiles: default
2020-03-04 14:14:16.951  WARN 32015 --- [main] ConfigServletWebServerApplicationContext : Exception encountered during context initialization - cancelling refresh attempt: org.springframework.beans.factory.BeanDefinitionStoreException: Failed to parse configuration class [spring.DocmanApplication]; nested exception is org.springframework.context.annotation.ConflictingBeanDefinitionException: Annotation-specified bean name 'postMapperImpl' for bean class [spring.post.PostMapperImpl] conflicts with existing, non-compatible bean definition of same name and class [spring.mapper.PostMapperImpl]
2020-03-04 14:14:16.957 ERROR 32015 --- [main] o.s.boot.SpringApplication               : Application run failed

org.springframework.beans.factory.BeanDefinitionStoreException: Failed to parse configuration class [spring.DocmanApplication]; nested exception is org.springframework.context.annotation.ConflictingBeanDefinitionException: Annotation-specified bean name 'postMapperImpl' for bean class [spring.post.PostMapperImpl] conflicts with existing, non-compatible bean definition of same name and class [spring.mapper.PostMapperImpl]
	at org.springframework.context.annotation.ConfigurationClassParser.parse(ConfigurationClassParser.java:184) ~[spring-context-5.2.3.RELEASE.jar:5.2.3.RELEASE]
	at org.springframework.context.annotation.ConfigurationClassPostProcessor.processConfigBeanDefinitions(ConfigurationClassPostProcessor.java:319) ~[spring-context-5.2.3.RELEASE.jar:5.2.3.RELEASE]
	at org.springframework.context.annotation.ConfigurationClassPostProcessor.postProcessBeanDefinitionRegistry(ConfigurationClassPostProcessor.java:236) ~[spring-context-5.2.3.RELEASE.jar:5.2.3.RELEASE]
	at org.springframework.context.support.PostProcessorRegistrationDelegate.invokeBeanDefinitionRegistryPostProcessors(PostProcessorRegistrationDelegate.java:275) ~[spring-context-5.2.3.RELEASE.jar:5.2.3.RELEASE]
	at org.springframework.context.support.PostProcessorRegistrationDelegate.invokeBeanFactoryPostProcessors(PostProcessorRegistrationDelegate.java:95) ~[spring-context-5.2.3.RELEASE.jar:5.2.3.RELEASE]
	at org.springframework.context.support.AbstractApplicationContext.invokeBeanFactoryPostProcessors(AbstractApplicationContext.java:706) ~[spring-context-5.2.3.RELEASE.jar:5.2.3.RELEASE]
	at org.springframework.context.support.AbstractApplicationContext.refresh(AbstractApplicationContext.java:532) ~[spring-context-5.2.3.RELEASE.jar:5.2.3.RELEASE]
	at org.springframework.boot.web.servlet.context.ServletWebServerApplicationContext.refresh(ServletWebServerApplicationContext.java:141) ~[spring-boot-2.2.4.RELEASE.jar:2.2.4.RELEASE]
	at org.springframework.boot.SpringApplication.refresh(SpringApplication.java:747) ~[spring-boot-2.2.4.RELEASE.jar:2.2.4.RELEASE]
	at org.springframework.boot.SpringApplication.refreshContext(SpringApplication.java:397) ~[spring-boot-2.2.4.RELEASE.jar:2.2.4.RELEASE]
	at org.springframework.boot.SpringApplication.run(SpringApplication.java:315) ~[spring-boot-2.2.4.RELEASE.jar:2.2.4.RELEASE]
	at org.springframework.boot.SpringApplication.run(SpringApplication.java:1226) ~[spring-boot-2.2.4.RELEASE.jar:2.2.4.RELEASE]
	at org.springframework.boot.SpringApplication.run(SpringApplication.java:1215) ~[spring-boot-2.2.4.RELEASE.jar:2.2.4.RELEASE]
	at spring.DocmanApplication.main(DocmanApplication.java:12) ~[classes/:na]
Caused by: org.springframework.context.annotation.ConflictingBeanDefinitionException: Annotation-specified bean name 'postMapperImpl' for bean class [spring.post.PostMapperImpl] conflicts with existing, non-compatible bean definition of same name and class [spring.mapper.PostMapperImpl]
	at org.springframework.context.annotation.ClassPathBeanDefinitionScanner.checkCandidate(ClassPathBeanDefinitionScanner.java:349) ~[spring-context-5.2.3.RELEASE.jar:5.2.3.RELEASE]
	at org.springframework.context.annotation.ClassPathBeanDefinitionScanner.doScan(ClassPathBeanDefinitionScanner.java:287) ~[spring-context-5.2.3.RELEASE.jar:5.2.3.RELEASE]
	at org.springframework.context.annotation.ComponentScanAnnotationParser.parse(ComponentScanAnnotationParser.java:132) ~[spring-context-5.2.3.RELEASE.jar:5.2.3.RELEASE]
	at org.springframework.context.annotation.ConfigurationClassParser.doProcessConfigurationClass(ConfigurationClassParser.java:290) ~[spring-context-5.2.3.RELEASE.jar:5.2.3.RELEASE]
	at org.springframework.context.annotation.ConfigurationClassParser.processConfigurationClass(ConfigurationClassParser.java:245) ~[spring-context-5.2.3.RELEASE.jar:5.2.3.RELEASE]
	at org.springframework.context.annotation.ConfigurationClassParser.parse(ConfigurationClassParser.java:202) ~[spring-context-5.2.3.RELEASE.jar:5.2.3.RELEASE]
	at org.springframework.context.annotation.ConfigurationClassParser.parse(ConfigurationClassParser.java:170) ~[spring-context-5.2.3.RELEASE.jar:5.2.3.RELEASE]
	... 13 common frames omitted

2020-03-04 14:23:19.482  INFO 3850 --- [main] spring.DocmanApplication                 : No active profile set, falling back to default profiles: default
2020-03-04 14:23:20.142  INFO 3850 --- [main] .s.d.r.c.RepositoryConfigurationDelegate : Bootstrapping Spring Data JPA repositories in DEFAULT mode.
2020-03-04 14:23:20.197  INFO 3850 --- [main] .s.d.r.c.RepositoryConfigurationDelegate : Finished Spring Data repository scanning in 49ms. Found 2 JPA repository interfaces.
2020-03-04 14:23:20.293  WARN 3850 --- [main] o.s.boot.actuate.endpoint.EndpointId     : Endpoint ID 'hystrix.stream' contains invalid characters, please migrate to a valid format.
2020-03-04 14:23:20.421  INFO 3850 --- [main] o.s.cloud.context.scope.GenericScope     : BeanFactory id=e000653b-d2cf-363e-aa49-645afd14ed9d
2020-03-04 14:23:20.579  INFO 3850 --- [main] trationDelegate$BeanPostProcessorChecker : Bean 'org.springframework.transaction.annotation.ProxyTransactionManagementConfiguration' of type [org.springframework.transaction.annotation.ProxyTransactionManagementConfiguration] is not eligible for getting processed by all BeanPostProcessors (for example: not eligible for auto-proxying)
2020-03-04 14:23:20.666  INFO 3850 --- [main] trationDelegate$BeanPostProcessorChecker : Bean 'org.springframework.cloud.autoconfigure.ConfigurationPropertiesRebinderAutoConfiguration' of type [org.springframework.cloud.autoconfigure.ConfigurationPropertiesRebinderAutoConfiguration] is not eligible for getting processed by all BeanPostProcessors (for example: not eligible for auto-proxying)
2020-03-04 14:23:20.853  INFO 3850 --- [main] o.s.b.w.embedded.tomcat.TomcatWebServer  : Tomcat initialized with port(s): 7070 (https)
2020-03-04 14:23:20.874  INFO 3850 --- [main] o.apache.catalina.core.StandardService   : Starting service [Tomcat]
2020-03-04 14:23:20.874  INFO 3850 --- [main] org.apache.catalina.core.StandardEngine  : Starting Servlet engine: [Apache Tomcat/9.0.30]
2020-03-04 14:23:20.972  INFO 3850 --- [main] o.a.c.c.C.[Tomcat].[localhost].[/]       : Initializing Spring embedded WebApplicationContext
2020-03-04 14:23:20.973  INFO 3850 --- [main] o.s.web.context.ContextLoader            : Root WebApplicationContext: initialization completed in 1476 ms
2020-03-04 14:23:21.056  WARN 3850 --- [main] c.n.c.sources.URLConfigurationSource     : No URLs will be polled as dynamic configuration sources.
2020-03-04 14:23:21.057  INFO 3850 --- [main] c.n.c.sources.URLConfigurationSource     : To enable URLs as dynamic configuration sources, define System property archaius.configurationSource.additionalUrls or make config.properties available on classpath.
2020-03-04 14:23:21.067  INFO 3850 --- [main] c.netflix.config.DynamicPropertyFactory  : DynamicPropertyFactory is initialized with configuration sources: com.netflix.config.ConcurrentCompositeConfiguration@681061d6
2020-03-04 14:23:21.116  WARN 3850 --- [main] JpaBaseConfiguration$JpaWebConfiguration : spring.jpa.open-in-view is enabled by default. Therefore, database queries may be performed during view rendering. Explicitly configure spring.jpa.open-in-view to disable this warning
2020-03-04 14:23:21.235  INFO 3850 --- [main] o.hibernate.jpa.internal.util.LogHelper  : HHH000204: Processing PersistenceUnitInfo [name: default]
2020-03-04 14:23:21.273  INFO 3850 --- [main] org.hibernate.Version                    : HHH000412: Hibernate Core {5.4.10.Final}
2020-03-04 14:23:21.353  INFO 3850 --- [main] o.hibernate.annotations.common.Version   : HCANN000001: Hibernate Commons Annotations {5.1.0.Final}
2020-03-04 14:23:21.417  INFO 3850 --- [main] com.zaxxer.hikari.HikariDataSource       : HikariPool-1 - Starting...
2020-03-04 14:23:21.597  INFO 3850 --- [main] com.zaxxer.hikari.HikariDataSource       : HikariPool-1 - Start completed.
2020-03-04 14:23:21.612  INFO 3850 --- [main] org.hibernate.dialect.Dialect            : HHH000400: Using dialect: org.hibernate.dialect.PostgreSQL10Dialect
2020-03-04 14:23:22.079  INFO 3850 --- [main] o.h.e.t.j.p.i.JtaPlatformInitiator       : HHH000490: Using JtaPlatform implementation: [org.hibernate.engine.transaction.jta.platform.internal.NoJtaPlatform]
2020-03-04 14:23:22.083  INFO 3850 --- [main] j.LocalContainerEntityManagerFactoryBean : Initialized JPA EntityManagerFactory for persistence unit 'default'
2020-03-04 14:23:22.787  INFO 3850 --- [main] o.s.b.a.e.web.ServletEndpointRegistrar   : Registered '/actuator/hystrix.stream' to hystrix.stream-actuator-endpoint
2020-03-04 14:23:22.887  INFO 3850 --- [main] io.jaegertracing.Configuration           : Initialized tracer=JaegerTracer(version=Java-0.34.0, serviceName=docman, reporter=CompositeReporter(reporters=[RemoteReporter(sender=UdpSender(), closeEnqueueTimeout=1000), LoggingReporter(logger=Logger[io.jaegertracing.internal.reporters.LoggingReporter])]), sampler=ConstSampler(decision=true, tags={sampler.type=const, sampler.param=true}), tags={hostname=pc0344, jaeger.version=Java-0.34.0, ip=127.0.1.1}, zipkinSharedRpcSpan=false, expandExceptionLogs=false, useTraceId128Bit=false)
2020-03-04 14:23:23.062  INFO 3850 --- [main] o.s.s.web.DefaultSecurityFilterChain     : Creating filter chain: any request, [org.springframework.security.web.context.request.async.WebAsyncManagerIntegrationFilter@20524816, org.springframework.security.web.context.SecurityContextPersistenceFilter@27260f9c, org.springframework.security.web.header.HeaderWriterFilter@17b9c9ff, org.springframework.security.web.authentication.logout.LogoutFilter@65852d05, spring.jwt.JwtAuthenticationFilter@2e096ac0, org.springframework.security.web.savedrequest.RequestCacheAwareFilter@54faa040, org.springframework.security.web.servletapi.SecurityContextHolderAwareRequestFilter@2f6352a3, org.springframework.security.web.authentication.AnonymousAuthenticationFilter@6a7cbeed, org.springframework.security.web.session.SessionManagementFilter@51d41b97, org.springframework.security.web.access.ExceptionTranslationFilter@16160a37]
2020-03-04 14:23:23.223  WARN 3850 --- [main] c.n.c.sources.URLConfigurationSource     : No URLs will be polled as dynamic configuration sources.
2020-03-04 14:23:23.223  INFO 3850 --- [main] c.n.c.sources.URLConfigurationSource     : To enable URLs as dynamic configuration sources, define System property archaius.configurationSource.additionalUrls or make config.properties available on classpath.
2020-03-04 14:23:23.516  INFO 3850 --- [main] o.s.c.n.zuul.ZuulFilterInitializer       : Starting filter initializer
2020-03-04 14:23:23.519  INFO 3850 --- [main] o.s.b.a.e.web.EndpointLinksResolver      : Exposing 21 endpoint(s) beneath base path '/actuator'
2020-03-04 14:23:24.022  INFO 3850 --- [main] o.s.b.w.embedded.tomcat.TomcatWebServer  : Tomcat started on port(s): 7070 (https) with context path ''
2020-03-04 14:23:24.025  INFO 3850 --- [main] spring.DocmanApplication                 : Started DocmanApplication in 5.231 seconds (JVM running for 5.634)
2020-03-04 14:23:25.937  INFO 3850 --- [SpringContextShutdownHook] o.s.c.n.zuul.ZuulFilterInitializer       : Stopping filter initializer
2020-03-04 14:23:25.947  INFO 3850 --- [SpringContextShutdownHook] j.LocalContainerEntityManagerFactoryBean : Closing JPA EntityManagerFactory for persistence unit 'default'
2020-03-04 14:23:25.950  INFO 3850 --- [SpringContextShutdownHook] com.zaxxer.hikari.HikariDataSource       : HikariPool-1 - Shutdown initiated...
2020-03-04 14:23:25.963  INFO 3850 --- [SpringContextShutdownHook] com.zaxxer.hikari.HikariDataSource       : HikariPool-1 - Shutdown completed.
